2023/03/14 21:02:59 logger.go:138: Logfile set to H:\Projects\reflectsvc\reflectsvc.log
2023/03/14 21:02:59 config.go:148: 
		/*** program flags ***/
	please note that the double backslash is an artifact to prevent Windows from corrupting the display output. The actual string only has one backslash.

2023/03/14 21:02:59 logger.go:138:  flag "certfile" has value "" with default 
2023/03/14 21:02:59 logger.go:138:  flag "debug" has value "true" with default false
2023/03/14 21:02:59 logger.go:138:  flag "destination" has value "https://localhost:9090/reflect" with default localhost
2023/03/14 21:02:59 logger.go:138:  flag "header-key" has value "[AUTHORIZATION]" with default [AUTHORIZATION]
2023/03/14 21:02:59 logger.go:138:  flag "header-value" has value "[bearer ****DuMmY*ToKeN****=]" with default [bearer ****DuMmY*ToKeN****=]
2023/03/14 21:02:59 logger.go:138:  flag "help" has value "true" with default false
2023/03/14 21:02:59 logger.go:138:  flag "insecure" has value "false" with default false
2023/03/14 21:02:59 logger.go:138:  flag "keyfile" has value "" with default 
2023/03/14 21:02:59 logger.go:138:  flag "organization" has value "P3IDTechnologies" with default P3IDTechnologies
2023/03/14 21:02:59 logger.go:138:  flag "port" has value "9090" with default 9090
2023/03/14 21:02:59 logger.go:138:  flag "quiet" has value "false" with default false
2023/03/14 21:02:59 logger.go:138:  flag "servername" has value "" with default 
2023/03/14 21:02:59 logger.go:138:  flag "verbose" has value "true" with default false
2023/03/14 21:02:59 config.go:153: 		/*** end program flags ***/
2023/03/14 21:02:59 logger.go:138: 
/* ************************** */
	Command Line Headers
[header   0] AUTHORIZATION=bearer ****DuMmY*ToKeN****=
2023/03/14 21:02:59 logger.go:138: Useful information goes here ... eventually
for now, please refer to USAGE.MD in the current directory.
2023/03/14 21:02:59 logger.go:138: Could not open embeddedfs:USAGE.MD to read because open USAGE.MD: file does not exist
2023/03/14 21:02:59 logger.go:138: 
		/*** myFatal called ***/
	from file:line    config.go:0248
		/*** myFatal ended ***/
